<?xml version="1.0" encoding="UTF-8"?>
<!-- Generated by org.testng.reporters.JUnitXMLReporter -->
<testsuite ignored="0" hostname="LAPTOP-ER81FAOP" failures="0" tests="4" name="ChromeTest" time="57.557" errors="0" timestamp="2023-02-22T17:24:07 IST">
  <testcase classname="testNg.TestNgClass1" name="VerifyCreatePlayList" time="11.342"/>
  <testcase classname="testNg.TestNgclass2" name="VerifyNotificationSetting" time="16.714"/>
  <testcase classname="testNg.TestNgClass1" name="VerifyLikedSongPlay" time="9.792"/>
  <testcase classname="testNg.TestNgClass1" name="VerifyPlaySong" time="8.067"/>
</testsuite> <!-- ChromeTest -->
