<?xml version="1.0" encoding="UTF-8"?>
<!-- Generated by org.testng.reporters.JUnitXMLReporter -->
<testsuite ignored="0" hostname="LAPTOP-ER81FAOP" failures="0" tests="4" name="EdgeTest" time="66.674" errors="0" timestamp="2023-02-22T17:25:13 IST">
  <testcase classname="testNg.TestNgClass1" name="VerifyCreatePlayList" time="12.411"/>
  <testcase classname="testNg.TestNgclass2" name="VerifyNotificationSetting" time="15.106"/>
  <testcase classname="testNg.TestNgClass1" name="VerifyLikedSongPlay" time="10.339"/>
  <testcase classname="testNg.TestNgClass1" name="VerifyPlaySong" time="7.968"/>
</testsuite> <!-- EdgeTest -->
