<?xml version="1.0" encoding="UTF-8"?>
<!-- Generated by org.testng.reporters.JUnitXMLReporter -->
<testsuite ignored="0" hostname="LAPTOP-ER81FAOP" failures="0" tests="5" name="TestSpotify" time="69.063" errors="0" timestamp="2023-02-06T16:46:52 IST">
  <testcase classname="testNg.TestNgclass2" name="VerifyNotificationSetting" time="13.049"/>
  <testcase classname="testNg.TestNgClass" name="test" time="0.004"/>
  <testcase classname="testNg.TestNgClass1" name="VerifyCreatePlayList" time="9.112"/>
  <testcase classname="testNg.TestNgClass1" name="VerifyLikedSongPlay" time="8.787"/>
  <testcase classname="testNg.TestNgClass1" name="VerifyPlaySong" time="8.044"/>
</testsuite> <!-- TestSpotify -->
